<?xml version="1.0" encoding="UTF-8"?>
<coverage generated="1679632530369" clover="3.2.0">
  <project timestamp="1679632530369" name="All files">
    <metrics statements="21" coveredstatements="2" conditionals="6" coveredconditionals="0" methods="6" coveredmethods="0" elements="33" coveredelements="2" complexity="0" loc="21" ncloc="21" packages="1" files="2" classes="2"/>
    <file name="Dashboard.js" path="/home/vipu.vick/Desktop/sample_assignment/src/Dashboard.js">
      <metrics statements="2" coveredstatements="0" conditionals="0" coveredconditionals="0" methods="1" coveredmethods="0"/>
      <line num="5" count="0" type="stmt"/>
      <line num="6" count="0" type="stmt"/>
    </file>
    <file name="Signup.js" path="/home/vipu.vick/Desktop/sample_assignment/src/Signup.js">
      <metrics statements="19" coveredstatements="2" conditionals="6" coveredconditionals="0" methods="5" coveredmethods="0"/>
      <line num="7" count="1" type="stmt"/>
      <line num="8" count="1" type="stmt"/>
      <line num="11" count="0" type="stmt"/>
      <line num="12" count="0" type="stmt"/>
      <line num="13" count="0" type="stmt"/>
      <line num="15" count="0" type="stmt"/>
      <line num="16" count="0" type="stmt"/>
      <line num="18" count="0" type="stmt"/>
      <line num="20" count="0" type="stmt"/>
      <line num="24" count="0" type="stmt"/>
      <line num="31" count="0" type="stmt"/>
      <line num="32" count="0" type="cond" truecount="0" falsecount="2"/>
      <line num="33" count="0" type="stmt"/>
      <line num="34" count="0" type="cond" truecount="0" falsecount="2"/>
      <line num="35" count="0" type="stmt"/>
      <line num="37" count="0" type="stmt"/>
      <line num="46" count="0" type="stmt"/>
      <line num="57" count="0" type="stmt"/>
      <line num="67" count="0" type="stmt"/>
    </file>
  </project>
</coverage>
