{"/home/vipu.vick/Desktop/sample_assignment/src/Dashboard.js": {"path":"/home/vipu.vick/Desktop/sample_assignment/src/Dashboard.js","statementMap":{"0":{"start":{"line":5,"column":19},"end":{"line":5,"column":32}},"1":{"start":{"line":6,"column":2},"end":{"line":11,"column":4}}},"fnMap":{"0":{"name":"Dashboard","decl":{"start":{"line":4,"column":9},"end":{"line":4,"column":18}},"loc":{"start":{"line":4,"column":21},"end":{"line":12,"column":1}},"line":4}},"branchMap":{},"s":{"0":0,"1":0},"f":{"0":0},"b":{},"_coverageSchema":"1a1c01bbd47fc00a2c39e90264f33305004495a9","hash":"8a6a3f3c51fa9576a7ac43b525a5899b8456547e"}
,"/home/vipu.vick/Desktop/sample_assignment/src/Signup.js": {"path":"/home/vipu.vick/Desktop/sample_assignment/src/Signup.js","statementMap":{"0":{"start":{"line":7,"column":25},"end":{"line":7,"column":28}},"1":{"start":{"line":8,"column":22},"end":{"line":8,"column":25}},"2":{"start":{"line":11,"column":30},"end":{"line":11,"column":42}},"3":{"start":{"line":12,"column":30},"end":{"line":12,"column":42}},"4":{"start":{"line":13,"column":21},"end":{"line":13,"column":34}},"5":{"start":{"line":15,"column":23},"end":{"line":44,"column":3}},"6":{"start":{"line":16,"column":4},"end":{"line":16,"column":27}},"7":{"start":{"line":18,"column":27},"end":{"line":18,"column":69}},"8":{"start":{"line":20,"column":22},"end":{"line":23,"column":5}},"9":{"start":{"line":24,"column":4},"end":{"line":43,"column":7}},"10":{"start":{"line":31,"column":6},"end":{"line":31,"column":47}},"11":{"start":{"line":32,"column":6},"end":{"line":42,"column":7}},"12":{"start":{"line":33,"column":8},"end":{"line":33,"column":30}},"13":{"start":{"line":34,"column":13},"end":{"line":42,"column":7}},"14":{"start":{"line":35,"column":21},"end":{"line":35,"column":42}},"15":{"start":{"line":37,"column":8},"end":{"line":41,"column":11}},"16":{"start":{"line":46,"column":2},"end":{"line":87,"column":4}},"17":{"start":{"line":57,"column":33},"end":{"line":57,"column":60}},"18":{"start":{"line":67,"column":33},"end":{"line":67,"column":60}}},"fnMap":{"0":{"name":"Signup","decl":{"start":{"line":10,"column":9},"end":{"line":10,"column":15}},"loc":{"start":{"line":10,"column":18},"end":{"line":88,"column":1}},"line":10},"1":{"name":"(anonymous_1)","decl":{"start":{"line":15,"column":23},"end":{"line":15,"column":24}},"loc":{"start":{"line":15,"column":34},"end":{"line":44,"column":3}},"line":15},"2":{"name":"(anonymous_2)","decl":{"start":{"line":30,"column":12},"end":{"line":30,"column":13}},"loc":{"start":{"line":30,"column":32},"end":{"line":43,"column":5}},"line":30},"3":{"name":"(anonymous_3)","decl":{"start":{"line":57,"column":22},"end":{"line":57,"column":23}},"loc":{"start":{"line":57,"column":33},"end":{"line":57,"column":60}},"line":57},"4":{"name":"(anonymous_4)","decl":{"start":{"line":67,"column":22},"end":{"line":67,"column":23}},"loc":{"start":{"line":67,"column":33},"end":{"line":67,"column":60}},"line":67}},"branchMap":{"0":{"loc":{"start":{"line":32,"column":6},"end":{"line":42,"column":7}},"type":"if","locations":[{"start":{"line":32,"column":6},"end":{"line":42,"column":7}},{"start":{"line":34,"column":13},"end":{"line":42,"column":7}}],"line":32},"1":{"loc":{"start":{"line":34,"column":13},"end":{"line":42,"column":7}},"type":"if","locations":[{"start":{"line":34,"column":13},"end":{"line":42,"column":7}},{"start":{},"end":{}}],"line":34},"2":{"loc":{"start":{"line":77,"column":22},"end":{"line":77,"column":44}},"type":"binary-expr","locations":[{"start":{"line":77,"column":22},"end":{"line":77,"column":31}},{"start":{"line":77,"column":35},"end":{"line":77,"column":44}}],"line":77}},"s":{"0":1,"1":1,"2":0,"3":0,"4":0,"5":0,"6":0,"7":0,"8":0,"9":0,"10":0,"11":0,"12":0,"13":0,"14":0,"15":0,"16":0,"17":0,"18":0},"f":{"0":0,"1":0,"2":0,"3":0,"4":0},"b":{"0":[0,0],"1":[0,0],"2":[0,0]},"_coverageSchema":"1a1c01bbd47fc00a2c39e90264f33305004495a9","hash":"1c9d6305ecf9345fd8e8c9de69df35bb124f2222"}
}
