TN:
SF:src/Dashboard.js
FN:4,Dashboard
FNF:1
FNH:1
FNDA:1,Dashboard
DA:5,1
DA:6,1
LF:2
LH:2
BRF:0
BRH:0
end_of_record
TN:
SF:src/Signup.js
FN:11,Signup
FN:16,(anonymous_1)
FN:31,(anonymous_2)
FN:58,(anonymous_3)
FN:68,(anonymous_4)
FNF:5
FNH:5
FNDA:14,Signup
FNDA:3,(anonymous_1)
FNDA:3,(anonymous_2)
FNDA:4,(anonymous_3)
FNDA:4,(anonymous_4)
DA:8,1
DA:9,1
DA:12,14
DA:13,14
DA:14,14
DA:16,14
DA:17,3
DA:19,3
DA:21,3
DA:25,3
DA:32,3
DA:33,3
DA:34,1
DA:35,2
DA:36,1
DA:38,1
DA:47,14
DA:58,4
DA:68,4
LF:19
LH:19
BRDA:33,0,0,1
BRDA:33,0,1,2
BRDA:35,1,0,1
BRDA:35,1,1,1
BRDA:78,2,0,14
BRDA:78,2,1,8
BRF:6
BRH:6
end_of_record
