TN:
SF:src/Dashboard.js
FN:4,Dashboard
FNF:1
FNH:0
FNDA:0,Dashboard
DA:5,0
DA:6,0
LF:2
LH:0
BRF:0
BRH:0
end_of_record
TN:
SF:src/Signup.js
FN:10,Signup
FN:15,(anonymous_1)
FN:30,(anonymous_2)
FN:57,(anonymous_3)
FN:67,(anonymous_4)
FNF:5
FNH:0
FNDA:0,Signup
FNDA:0,(anonymous_1)
FNDA:0,(anonymous_2)
FNDA:0,(anonymous_3)
FNDA:0,(anonymous_4)
DA:7,1
DA:8,1
DA:11,0
DA:12,0
DA:13,0
DA:15,0
DA:16,0
DA:18,0
DA:20,0
DA:24,0
DA:31,0
DA:32,0
DA:33,0
DA:34,0
DA:35,0
DA:37,0
DA:46,0
DA:57,0
DA:67,0
LF:19
LH:2
BRDA:32,0,0,0
BRDA:32,0,1,0
BRDA:34,1,0,0
BRDA:34,1,1,0
BRDA:77,2,0,0
BRDA:77,2,1,0
BRF:6
BRH:0
end_of_record
